<?xml version="1.0" encoding="UTF-8"?>
<!-- Generated by org.testng.reporters.JUnitXMLReporter -->
<testsuite ignored="0" hostname="TTPL-LNV-0106" failures="0" tests="6" name="Openmrs" time="278.92" errors="0" timestamp="2026-05-03T15:42:30 IST">
  <testcase classname="tests.LoginTest" name="verifyLogin" time="4.883"/>
  <testcase classname="tests.RegisterPatientTest" name="registerPatient" time="31.965"/>
  <testcase classname="tests.SearchPatientTest" name="searchPatient" time="20.523"/>
  <testcase classname="tests.VisitNoteTest" name="AddVisitNote" time="74.396"/>
  <testcase classname="tests.CaptureVitalTest" name="captureVital" time="69.386"/>
  <testcase classname="tests.CreateProviderTest" name="createProvider" time="13.941"/>
</testsuite> <!-- Openmrs -->
