<?xml version="1.0" encoding="UTF-8"?>
<!-- Generated by org.testng.reporters.JUnitXMLReporter -->
<testsuite ignored="0" hostname="TTPL-LNV-0106" failures="0" tests="6" name="Openmrs" time="260.962" errors="0" timestamp="2026-04-25T18:22:50 IST">
  <testcase classname="tests.LoginTest" name="verifyLogin" time="5.867"/>
  <testcase classname="tests.RegisterPatientTest" name="registerPatient" time="30.117"/>
  <testcase classname="tests.SearchPatientTest" name="searchPatient" time="18.875"/>
  <testcase classname="tests.VisitNoteTest" name="AddVisitNote" time="72.822"/>
  <testcase classname="tests.CaptureVitalTest" name="captureVital" time="71.051"/>
  <testcase classname="tests.CreateProviderTest" name="createProvider" time="11.745"/>
</testsuite> <!-- Openmrs -->
