<?xml version="1.0" encoding="UTF-8"?>
<!-- Generated by org.testng.reporters.JUnitXMLReporter -->
<testsuite ignored="0" hostname="TTPL-LNV-0106" failures="0" tests="6" name="Test" time="235.416" errors="0" timestamp="2026-04-25T16:37:25 IST">
  <testcase classname="tests.LoginTest" name="verifyLogin" time="5.241"/>
  <testcase classname="tests.RegisterPatientTest" name="registerPatient" time="25.119"/>
  <testcase classname="tests.SearchPatientTest" name="searchPatient" time="19.762"/>
  <testcase classname="tests.VisitNoteTest" name="AddVisitNote" time="76.522"/>
  <testcase classname="tests.CaptureVitalTest" name="captureVital" time="51.461"/>
  <testcase classname="tests.CreateProviderTest" name="createProvider" time="10.992"/>
</testsuite> <!-- Test -->
