<?xml version="1.0" encoding="UTF-8"?>
<testng-results ignored="0" total="6" passed="6" failed="0" skipped="0">
  <reporter-output>
  </reporter-output>
  <suite started-at="2026-05-03T15:37:50 IST" name="Suite" finished-at="2026-05-03T15:42:29 IST" duration-ms="278920">
    <groups>
    </groups>
    <test started-at="2026-05-03T15:37:50 IST" name="Openmrs" finished-at="2026-05-03T15:42:29 IST" duration-ms="278920">
      <class name="tests.LoginTest">
        <test-method is-config="true" signature="setUp(java.lang.String)[pri:0, instance:tests.LoginTest@165b2f7f]" started-at="2026-05-03T15:37:50 IST" name="setUp" finished-at="2026-05-03T15:38:04 IST" duration-ms="13576" status="PASS">
          <params>
            <param index="0">
              <value>
                <![CDATA[chrome]]>
              </value>
            </param>
          </params>
          <reporter-output>
          </reporter-output>
        </test-method> <!-- setUp -->
        <test-method signature="verifyLogin()[pri:0, instance:tests.LoginTest@165b2f7f]" started-at="2026-05-03T15:38:04 IST" name="verifyLogin" finished-at="2026-05-03T15:38:09 IST" duration-ms="4883" status="PASS">
          <reporter-output>
          </reporter-output>
        </test-method> <!-- verifyLogin -->
        <test-method is-config="true" signature="tearDown()[pri:0, instance:tests.LoginTest@165b2f7f]" started-at="2026-05-03T15:38:09 IST" name="tearDown" finished-at="2026-05-03T15:38:09 IST" duration-ms="166" status="PASS">
          <reporter-output>
          </reporter-output>
        </test-method> <!-- tearDown -->
      </class> <!-- tests.LoginTest -->
      <class name="tests.CreateProviderTest">
        <test-method is-config="true" signature="setUp(java.lang.String)[pri:0, instance:tests.CreateProviderTest@1cd201a8]" started-at="2026-05-03T15:42:06 IST" name="setUp" finished-at="2026-05-03T15:42:15 IST" duration-ms="9264" status="PASS">
          <params>
            <param index="0">
              <value>
                <![CDATA[chrome]]>
              </value>
            </param>
          </params>
          <reporter-output>
          </reporter-output>
        </test-method> <!-- setUp -->
        <test-method signature="createProvider()[pri:0, instance:tests.CreateProviderTest@1cd201a8]" started-at="2026-05-03T15:42:15 IST" name="createProvider" finished-at="2026-05-03T15:42:29 IST" duration-ms="13941" status="PASS">
          <reporter-output>
          </reporter-output>
        </test-method> <!-- createProvider -->
        <test-method is-config="true" signature="tearDown()[pri:0, instance:tests.CreateProviderTest@1cd201a8]" started-at="2026-05-03T15:42:29 IST" name="tearDown" finished-at="2026-05-03T15:42:29 IST" duration-ms="157" status="PASS">
          <reporter-output>
          </reporter-output>
        </test-method> <!-- tearDown -->
      </class> <!-- tests.CreateProviderTest -->
      <class name="tests.SearchPatientTest">
        <test-method is-config="true" signature="setUp(java.lang.String)[pri:0, instance:tests.SearchPatientTest@2488b073]" started-at="2026-05-03T15:38:51 IST" name="setUp" finished-at="2026-05-03T15:39:01 IST" duration-ms="9826" status="PASS">
          <params>
            <param index="0">
              <value>
                <![CDATA[chrome]]>
              </value>
            </param>
          </params>
          <reporter-output>
          </reporter-output>
        </test-method> <!-- setUp -->
        <test-method signature="searchPatient()[pri:0, instance:tests.SearchPatientTest@2488b073]" started-at="2026-05-03T15:39:01 IST" name="searchPatient" finished-at="2026-05-03T15:39:21 IST" duration-ms="20523" status="PASS">
          <reporter-output>
          </reporter-output>
        </test-method> <!-- searchPatient -->
        <test-method is-config="true" signature="tearDown()[pri:0, instance:tests.SearchPatientTest@2488b073]" started-at="2026-05-03T15:39:21 IST" name="tearDown" finished-at="2026-05-03T15:39:23 IST" duration-ms="1687" status="PASS">
          <reporter-output>
          </reporter-output>
        </test-method> <!-- tearDown -->
      </class> <!-- tests.SearchPatientTest -->
      <class name="tests.RegisterPatientTest">
        <test-method is-config="true" signature="setUp(java.lang.String)[pri:0, instance:tests.RegisterPatientTest@162be91c]" started-at="2026-05-03T15:38:09 IST" name="setUp" finished-at="2026-05-03T15:38:19 IST" duration-ms="9935" status="PASS">
          <params>
            <param index="0">
              <value>
                <![CDATA[chrome]]>
              </value>
            </param>
          </params>
          <reporter-output>
          </reporter-output>
        </test-method> <!-- setUp -->
        <test-method signature="registerPatient()[pri:0, instance:tests.RegisterPatientTest@162be91c]" started-at="2026-05-03T15:38:19 IST" name="registerPatient" finished-at="2026-05-03T15:38:51 IST" duration-ms="31965" status="PASS">
          <reporter-output>
          </reporter-output>
        </test-method> <!-- registerPatient -->
        <test-method is-config="true" signature="tearDown()[pri:0, instance:tests.RegisterPatientTest@162be91c]" started-at="2026-05-03T15:38:51 IST" name="tearDown" finished-at="2026-05-03T15:38:51 IST" duration-ms="188" status="PASS">
          <reporter-output>
          </reporter-output>
        </test-method> <!-- tearDown -->
      </class> <!-- tests.RegisterPatientTest -->
      <class name="tests.CaptureVitalTest">
        <test-method is-config="true" signature="setUp(java.lang.String)[pri:0, instance:tests.CaptureVitalTest@55787112]" started-at="2026-05-03T15:40:46 IST" name="setUp" finished-at="2026-05-03T15:40:56 IST" duration-ms="9691" status="PASS">
          <params>
            <param index="0">
              <value>
                <![CDATA[chrome]]>
              </value>
            </param>
          </params>
          <reporter-output>
          </reporter-output>
        </test-method> <!-- setUp -->
        <test-method signature="captureVital()[pri:0, instance:tests.CaptureVitalTest@55787112]" started-at="2026-05-03T15:40:56 IST" name="captureVital" finished-at="2026-05-03T15:42:05 IST" duration-ms="69386" status="PASS">
          <reporter-output>
          </reporter-output>
        </test-method> <!-- captureVital -->
        <test-method is-config="true" signature="tearDown()[pri:0, instance:tests.CaptureVitalTest@55787112]" started-at="2026-05-03T15:42:05 IST" name="tearDown" finished-at="2026-05-03T15:42:06 IST" duration-ms="200" status="PASS">
          <reporter-output>
          </reporter-output>
        </test-method> <!-- tearDown -->
      </class> <!-- tests.CaptureVitalTest -->
      <class name="tests.VisitNoteTest">
        <test-method is-config="true" signature="setUp(java.lang.String)[pri:0, instance:tests.VisitNoteTest@1c9f0a20]" started-at="2026-05-03T15:39:23 IST" name="setUp" finished-at="2026-05-03T15:39:32 IST" duration-ms="8713" status="PASS">
          <params>
            <param index="0">
              <value>
                <![CDATA[chrome]]>
              </value>
            </param>
          </params>
          <reporter-output>
          </reporter-output>
        </test-method> <!-- setUp -->
        <test-method signature="AddVisitNote()[pri:0, instance:tests.VisitNoteTest@1c9f0a20]" started-at="2026-05-03T15:39:32 IST" name="AddVisitNote" finished-at="2026-05-03T15:40:46 IST" duration-ms="74396" status="PASS">
          <reporter-output>
          </reporter-output>
        </test-method> <!-- AddVisitNote -->
        <test-method is-config="true" signature="tearDown()[pri:0, instance:tests.VisitNoteTest@1c9f0a20]" started-at="2026-05-03T15:40:46 IST" name="tearDown" finished-at="2026-05-03T15:40:46 IST" duration-ms="189" status="PASS">
          <reporter-output>
          </reporter-output>
        </test-method> <!-- tearDown -->
      </class> <!-- tests.VisitNoteTest -->
    </test> <!-- Openmrs -->
  </suite> <!-- Suite -->
</testng-results>
